[13:06:17] [Server thread/INFO]: Starting minecraft server version 1.9
[13:06:17] [Server thread/INFO]: Loading properties
[13:06:17] [Server thread/INFO]: Default game type: SURVIVAL
[13:06:18] [Server thread/INFO]: This server is running CraftBukkit version git-Spigot-2038f4a-cd36f6f (MC: 1.9) (Implementing API version 1.9-R0.1-SNAPSHOT)
[13:06:19] [Server thread/INFO]: Server Ping Player Sample Count: 12
[13:06:19] [Server thread/INFO]: Using 4 threads for Netty based IO
[13:06:19] [Server thread/INFO]: Debug logging is disabled
[13:06:19] [Server thread/INFO]: Generating keypair
[13:06:20] [Server thread/INFO]: Starting Minecraft server on *:25565
[13:06:20] [Server thread/INFO]: Using default channel type
[13:06:21] [Server thread/WARN]: **** SERVER IS RUNNING IN OFFLINE/INSECURE MODE!
[13:06:21] [Server thread/WARN]: The server will make no attempt to authenticate usernames. Beware.
[13:06:21] [Server thread/WARN]: While this makes the game possible to play without internet access, it also opens up the ability for hackers to connect with any username they choose.
[13:06:21] [Server thread/WARN]: To change this, set "online-mode" to "true" in the server.properties file.
[13:06:21] [Server thread/INFO]: **** Beginning UUID conversion, this may take A LONG time ****
[13:06:21] [Server thread/INFO]: Preparing level "world"
[13:06:21] [Server thread/INFO]: -------- World Settings For [world] --------
[13:06:21] [Server thread/INFO]: Mob Spawn Range: 4
[13:06:21] [Server thread/INFO]: Nerfing mobs spawned from spawners: false
[13:06:21] [Server thread/INFO]: Cactus Growth Modifier: 100%
[13:06:21] [Server thread/INFO]: Cane Growth Modifier: 100%
[13:06:21] [Server thread/INFO]: Melon Growth Modifier: 100%
[13:06:21] [Server thread/INFO]: Mushroom Growth Modifier: 100%
[13:06:21] [Server thread/INFO]: Pumpkin Growth Modifier: 100%
[13:06:21] [Server thread/INFO]: Sapling Growth Modifier: 100%
[13:06:21] [Server thread/INFO]: Wheat Growth Modifier: 100%
[13:06:21] [Server thread/INFO]: NetherWart Growth Modifier: 100%
[13:06:21] [Server thread/INFO]: Entity Activation Range: An 32 / Mo 32 / Mi 16
[13:06:21] [Server thread/INFO]: Entity Tracking Range: Pl 48 / An 48 / Mo 48 / Mi 32 / Other 64
[13:06:21] [Server thread/INFO]: Hopper Transfer: 8 Hopper Check: 8 Hopper Amount: 1
[13:06:21] [Server thread/INFO]: Random Lighting Updates: false
[13:06:21] [Server thread/INFO]: Structure Info Saving: true
[13:06:21] [Server thread/INFO]: Max Entity Collisions: 8
[13:06:21] [Server thread/INFO]: Custom Map Seeds:  Village: 10387312 Feature: 14357617
[13:06:21] [Server thread/INFO]: Max TNT Explosions: 100
[13:06:21] [Server thread/INFO]: Tile Max Tick Time: 50ms Entity max Tick Time: 50ms
[13:06:21] [Server thread/INFO]: Zombie Aggressive Towards Villager: true
[13:06:21] [Server thread/INFO]: Experience Merge Radius: 3.0
[13:06:21] [Server thread/INFO]: Item Despawn Rate: 6000
[13:06:21] [Server thread/INFO]: Item Merge Radius: 2.5
[13:06:21] [Server thread/INFO]: Arrow Despawn Rate: 1200
[13:06:21] [Server thread/INFO]: Allow Zombie Pigmen to spawn from portal blocks: true
[13:06:21] [Server thread/INFO]: View Distance: 10
[13:06:22] [Server thread/INFO]: -------- World Settings For [world_nether] --------
[13:06:22] [Server thread/INFO]: Mob Spawn Range: 4
[13:06:22] [Server thread/INFO]: Nerfing mobs spawned from spawners: false
[13:06:22] [Server thread/INFO]: Cactus Growth Modifier: 100%
[13:06:22] [Server thread/INFO]: Cane Growth Modifier: 100%
[13:06:22] [Server thread/INFO]: Melon Growth Modifier: 100%
[13:06:22] [Server thread/INFO]: Mushroom Growth Modifier: 100%
[13:06:22] [Server thread/INFO]: Pumpkin Growth Modifier: 100%
[13:06:22] [Server thread/INFO]: Sapling Growth Modifier: 100%
[13:06:22] [Server thread/INFO]: Wheat Growth Modifier: 100%
[13:06:22] [Server thread/INFO]: NetherWart Growth Modifier: 100%
[13:06:22] [Server thread/INFO]: Entity Activation Range: An 32 / Mo 32 / Mi 16
[13:06:22] [Server thread/INFO]: Entity Tracking Range: Pl 48 / An 48 / Mo 48 / Mi 32 / Other 64
[13:06:22] [Server thread/INFO]: Hopper Transfer: 8 Hopper Check: 8 Hopper Amount: 1
[13:06:22] [Server thread/INFO]: Random Lighting Updates: false
[13:06:22] [Server thread/INFO]: Structure Info Saving: true
[13:06:22] [Server thread/INFO]: Max Entity Collisions: 8
[13:06:22] [Server thread/INFO]: Custom Map Seeds:  Village: 10387312 Feature: 14357617
[13:06:22] [Server thread/INFO]: Max TNT Explosions: 100
[13:06:22] [Server thread/INFO]: Tile Max Tick Time: 50ms Entity max Tick Time: 50ms
[13:06:22] [Server thread/INFO]: Zombie Aggressive Towards Villager: true
[13:06:22] [Server thread/INFO]: Experience Merge Radius: 3.0
[13:06:22] [Server thread/INFO]: Item Despawn Rate: 6000
[13:06:22] [Server thread/INFO]: Item Merge Radius: 2.5
[13:06:22] [Server thread/INFO]: Arrow Despawn Rate: 1200
[13:06:22] [Server thread/INFO]: Allow Zombie Pigmen to spawn from portal blocks: true
[13:06:22] [Server thread/INFO]: View Distance: 10
[13:06:22] [Server thread/INFO]: -------- World Settings For [world_the_end] --------
[13:06:22] [Server thread/INFO]: Mob Spawn Range: 4
[13:06:22] [Server thread/INFO]: Nerfing mobs spawned from spawners: false
[13:06:22] [Server thread/INFO]: Cactus Growth Modifier: 100%
[13:06:22] [Server thread/INFO]: Cane Growth Modifier: 100%
[13:06:22] [Server thread/INFO]: Melon Growth Modifier: 100%
[13:06:22] [Server thread/INFO]: Mushroom Growth Modifier: 100%
[13:06:22] [Server thread/INFO]: Pumpkin Growth Modifier: 100%
[13:06:22] [Server thread/INFO]: Sapling Growth Modifier: 100%
[13:06:22] [Server thread/INFO]: Wheat Growth Modifier: 100%
[13:06:22] [Server thread/INFO]: NetherWart Growth Modifier: 100%
[13:06:22] [Server thread/INFO]: Entity Activation Range: An 32 / Mo 32 / Mi 16
[13:06:22] [Server thread/INFO]: Entity Tracking Range: Pl 48 / An 48 / Mo 48 / Mi 32 / Other 64
[13:06:22] [Server thread/INFO]: Hopper Transfer: 8 Hopper Check: 8 Hopper Amount: 1
[13:06:22] [Server thread/INFO]: Random Lighting Updates: false
[13:06:22] [Server thread/INFO]: Structure Info Saving: true
[13:06:22] [Server thread/INFO]: Max Entity Collisions: 8
[13:06:22] [Server thread/INFO]: Custom Map Seeds:  Village: 10387312 Feature: 14357617
[13:06:22] [Server thread/INFO]: Max TNT Explosions: 100
[13:06:22] [Server thread/INFO]: Tile Max Tick Time: 50ms Entity max Tick Time: 50ms
[13:06:22] [Server thread/INFO]: Zombie Aggressive Towards Villager: true
[13:06:22] [Server thread/INFO]: Experience Merge Radius: 3.0
[13:06:22] [Server thread/INFO]: Item Despawn Rate: 6000
[13:06:22] [Server thread/INFO]: Item Merge Radius: 2.5
[13:06:22] [Server thread/INFO]: Arrow Despawn Rate: 1200
[13:06:22] [Server thread/INFO]: Allow Zombie Pigmen to spawn from portal blocks: true
[13:06:22] [Server thread/INFO]: View Distance: 10
[13:06:22] [Server thread/INFO]: Preparing start region for level 0 (Seed: 4067592431602155993)
[13:06:25] [Server thread/INFO]: Preparing spawn area: 0%
[13:06:26] [Server thread/INFO]: Preparing spawn area: 3%
[13:06:27] [Server thread/INFO]: Preparing spawn area: 6%
[13:06:28] [Server thread/INFO]: Preparing spawn area: 12%
[13:06:29] [Server thread/INFO]: Preparing spawn area: 18%
[13:06:30] [Server thread/INFO]: Preparing spawn area: 25%
[13:06:31] [Server thread/INFO]: Preparing spawn area: 30%
[13:06:32] [Server thread/INFO]: Preparing spawn area: 35%
[13:06:33] [Server thread/INFO]: Preparing spawn area: 42%
[13:06:34] [Server thread/INFO]: Preparing spawn area: 48%
[13:06:35] [Server thread/INFO]: Preparing spawn area: 53%
